<?xml version="1.0" encoding="UTF-8"?>
<!-- Generated by org.testng.reporters.JUnitXMLReporter -->
<testsuite hostname="LAPTOP-P9U8PG08" ignored="0" name="Question_1" tests="1" failures="1" timestamp="18 May 2020 08:32:08 GMT" time="571.014" errors="0">
  <testcase name="feature" time="569.867" classname="cucumber.api.testng.AbstractTestNGCucumberTests">
    <failure type="cucumber.runtime.CucumberException" message="java.lang.NullPointerException">
      <![CDATA[cucumber.runtime.CucumberException: java.lang.NullPointerException
at cucumber.api.testng.TestNGCucumberRunner.runCucumber(TestNGCucumberRunner.java:69)
at cucumber.api.testng.AbstractTestNGCucumberTests.feature(AbstractTestNGCucumberTests.java:21)
Caused by: java.lang.NullPointerException
at com.cucumber.framework.stepdefinition.Propine_Step.Date_Step.verify_correct_Date_should_be_displayed(Date_Step.java:69)
at ✽.Then Verify correct Date should be displayed "Tue Oct 13 2020"(featurefile/Propines/Date_Functionality.feature:15)
... Removed 25 stack frames]]>
    </failure>
  </testcase> <!-- feature -->
</testsuite> <!-- Question_1 -->
