<?xml version="1.0" encoding="UTF-8"?>
<testng-results skipped="1" failed="1" ignored="0" total="2" passed="0">
  <reporter-output>
  </reporter-output>
  <suite name="Suite111" duration-ms="571612" started-at="2020-05-18T08:22:37Z" finished-at="2020-05-18T08:32:08Z">
    <groups>
      <group name="cucumber">
        <method signature="AbstractTestNGCucumberTests.feature(cucumber.api.testng.CucumberFeatureWrapper)[pri:0, instance:com.cucumber.framework.runner.Propine.Date_functionality@58a90037]" name="feature" class="cucumber.api.testng.AbstractTestNGCucumberTests"/>
        <method signature="AbstractTestNGCucumberTests.feature(cucumber.api.testng.CucumberFeatureWrapper)[pri:0, instance:com.cucumber.framework.runner.Infotech_HR.failedscenario@314c508a]" name="feature" class="cucumber.api.testng.AbstractTestNGCucumberTests"/>
      </group> <!-- cucumber -->
    </groups>
    <test name="Question_1" duration-ms="571014" started-at="2020-05-18T08:22:37Z" finished-at="2020-05-18T08:32:08Z">
      <class name="com.cucumber.framework.runner.Propine.Date_functionality">
        <test-method status="PASS" signature="setUpClass()[pri:0, instance:com.cucumber.framework.runner.Propine.Date_functionality@58a90037]" name="setUpClass" is-config="true" duration-ms="501" started-at="2020-05-18T08:22:37Z" finished-at="2020-05-18T08:22:37Z">
          <reporter-output>
          </reporter-output>
        </test-method> <!-- setUpClass -->
        <test-method status="FAIL" signature="feature(cucumber.api.testng.CucumberFeatureWrapper)[pri:0, instance:com.cucumber.framework.runner.Propine.Date_functionality@58a90037]" name="feature" duration-ms="569867" started-at="2020-05-18T08:22:37Z" description="Runs Cucumber Feature" data-provider="features" finished-at="2020-05-18T08:32:07Z">
          <params>
            <param index="0">
              <value>
                <![CDATA[verify the account by filling the registration]]>
              </value>
            </param>
          </params>
          <exception class="cucumber.runtime.CucumberException">
            <message>
              <![CDATA[java.lang.NullPointerException]]>
            </message>
            <full-stacktrace>
              <![CDATA[cucumber.runtime.CucumberException: java.lang.NullPointerException
at cucumber.api.testng.TestNGCucumberRunner.runCucumber(TestNGCucumberRunner.java:69)
at cucumber.api.testng.AbstractTestNGCucumberTests.feature(AbstractTestNGCucumberTests.java:21)
at sun.reflect.NativeMethodAccessorImpl.invoke0(Native Method)
at sun.reflect.NativeMethodAccessorImpl.invoke(Unknown Source)
at sun.reflect.DelegatingMethodAccessorImpl.invoke(Unknown Source)
at java.lang.reflect.Method.invoke(Unknown Source)
at org.testng.internal.MethodInvocationHelper.invokeMethod(MethodInvocationHelper.java:124)
at org.testng.internal.Invoker.invokeMethod(Invoker.java:580)
at org.testng.internal.Invoker.invokeTestMethod(Invoker.java:716)
at org.testng.internal.Invoker.invokeTestMethods(Invoker.java:988)
at org.testng.internal.TestMethodWorker.invokeTestMethods(TestMethodWorker.java:125)
at org.testng.internal.TestMethodWorker.run(TestMethodWorker.java:109)
at org.testng.TestRunner.privateRun(TestRunner.java:648)
at org.testng.TestRunner.run(TestRunner.java:505)
at org.testng.SuiteRunner.runTest(SuiteRunner.java:455)
at org.testng.SuiteRunner.runSequentially(SuiteRunner.java:450)
at org.testng.SuiteRunner.privateRun(SuiteRunner.java:415)
at org.testng.SuiteRunner.run(SuiteRunner.java:364)
at org.testng.SuiteRunnerWorker.runSuite(SuiteRunnerWorker.java:52)
at org.testng.SuiteRunnerWorker.run(SuiteRunnerWorker.java:84)
at org.testng.TestNG.runSuitesSequentially(TestNG.java:1208)
at org.testng.TestNG.runSuitesLocally(TestNG.java:1137)
at org.testng.TestNG.runSuites(TestNG.java:1049)
at org.testng.TestNG.run(TestNG.java:1017)
at org.testng.remote.AbstractRemoteTestNG.run(AbstractRemoteTestNG.java:114)
at org.testng.remote.RemoteTestNG.initAndRun(RemoteTestNG.java:251)
at org.testng.remote.RemoteTestNG.main(RemoteTestNG.java:77)
Caused by: java.lang.NullPointerException
at com.cucumber.framework.stepdefinition.Propine_Step.Date_Step.verify_correct_Date_should_be_displayed(Date_Step.java:69)
at ✽.Then Verify correct Date should be displayed "Tue Oct 13 2020"(featurefile/Propines/Date_Functionality.feature:15)
]]>
            </full-stacktrace>
          </exception> <!-- cucumber.runtime.CucumberException -->
          <reporter-output>
          </reporter-output>
        </test-method> <!-- feature -->
        <test-method status="PASS" signature="tearDownClass()[pri:0, instance:com.cucumber.framework.runner.Propine.Date_functionality@58a90037]" name="tearDownClass" is-config="true" duration-ms="448" started-at="2020-05-18T08:32:07Z" finished-at="2020-05-18T08:32:08Z">
          <reporter-output>
          </reporter-output>
        </test-method> <!-- tearDownClass -->
      </class> <!-- com.cucumber.framework.runner.Propine.Date_functionality -->
    </test> <!-- Question_1 -->
    <test name="Login_failed" duration-ms="70" started-at="2020-05-18T08:32:08Z" finished-at="2020-05-18T08:32:08Z">
      <class name="com.cucumber.framework.runner.Infotech_HR.failedscenario">
        <test-method status="PASS" signature="setUpClass()[pri:0, instance:com.cucumber.framework.runner.Infotech_HR.failedscenario@314c508a]" name="setUpClass" is-config="true" duration-ms="43" started-at="2020-05-18T08:32:08Z" finished-at="2020-05-18T08:32:08Z">
          <reporter-output>
          </reporter-output>
        </test-method> <!-- setUpClass -->
        <test-method status="SKIP" signature="feature(cucumber.api.testng.CucumberFeatureWrapper)[pri:0, instance:com.cucumber.framework.runner.Infotech_HR.failedscenario@314c508a]" name="feature" duration-ms="0" started-at="2020-05-18T08:32:08Z" description="Runs Cucumber Feature" data-provider="features" finished-at="2020-05-18T08:32:08Z">
          <exception class="java.lang.RuntimeException">
            <message>
              <![CDATA[java.lang.IllegalArgumentException: Not a file or directory: C:\Users\MANIVANNAN\Pictures\Test1-master\Test1-master\Cucumber\target\rerun.txt]]>
            </message>
            <full-stacktrace>
              <![CDATA[java.lang.RuntimeException: java.lang.IllegalArgumentException: Not a file or directory: C:\Users\MANIVANNAN\Pictures\Test1-master\Test1-master\Cucumber\target\rerun.txt
at org.testng.internal.MethodInvocationHelper.invokeMethodNoCheckedException(MethodInvocationHelper.java:49)
at org.testng.internal.MethodInvocationHelper.invokeDataProvider(MethodInvocationHelper.java:131)
at org.testng.internal.Parameters.handleParameters(Parameters.java:706)
at org.testng.internal.ParameterHandler.handleParameters(ParameterHandler.java:49)
at org.testng.internal.ParameterHandler.createParameters(ParameterHandler.java:37)
at org.testng.internal.Invoker.invokeTestMethods(Invoker.java:923)
at org.testng.internal.TestMethodWorker.invokeTestMethods(TestMethodWorker.java:125)
at org.testng.internal.TestMethodWorker.run(TestMethodWorker.java:109)
at org.testng.TestRunner.privateRun(TestRunner.java:648)
at org.testng.TestRunner.run(TestRunner.java:505)
at org.testng.SuiteRunner.runTest(SuiteRunner.java:455)
at org.testng.SuiteRunner.runSequentially(SuiteRunner.java:450)
at org.testng.SuiteRunner.privateRun(SuiteRunner.java:415)
at org.testng.SuiteRunner.run(SuiteRunner.java:364)
at org.testng.SuiteRunnerWorker.runSuite(SuiteRunnerWorker.java:52)
at org.testng.SuiteRunnerWorker.run(SuiteRunnerWorker.java:84)
at org.testng.TestNG.runSuitesSequentially(TestNG.java:1208)
at org.testng.TestNG.runSuitesLocally(TestNG.java:1137)
at org.testng.TestNG.runSuites(TestNG.java:1049)
at org.testng.TestNG.run(TestNG.java:1017)
at org.testng.remote.AbstractRemoteTestNG.run(AbstractRemoteTestNG.java:114)
at org.testng.remote.RemoteTestNG.initAndRun(RemoteTestNG.java:251)
at org.testng.remote.RemoteTestNG.main(RemoteTestNG.java:77)
Caused by: java.lang.IllegalArgumentException: Not a file or directory: C:\Users\MANIVANNAN\Pictures\Test1-master\Test1-master\Cucumber\target\rerun.txt
at cucumber.runtime.io.FileResourceIterator$FileIterator.<init>(FileResourceIterator.java:54)
at cucumber.runtime.io.FileResourceIterator.<init>(FileResourceIterator.java:20)
at cucumber.runtime.io.FileResourceIterable.iterator(FileResourceIterable.java:19)
at cucumber.runtime.model.CucumberFeature.loadFromRerunFile(CucumberFeature.java:63)
at cucumber.runtime.model.CucumberFeature.load(CucumberFeature.java:52)
at cucumber.runtime.model.CucumberFeature.load(CucumberFeature.java:34)
at cucumber.runtime.RuntimeOptions.cucumberFeatures(RuntimeOptions.java:239)
at cucumber.api.testng.TestNGCucumberRunner.getFeatures(TestNGCucumberRunner.java:85)
at cucumber.api.testng.TestNGCucumberRunner.provideFeatures(TestNGCucumberRunner.java:94)
at cucumber.api.testng.AbstractTestNGCucumberTests.features(AbstractTestNGCucumberTests.java:29)
at sun.reflect.NativeMethodAccessorImpl.invoke0(Native Method)
at sun.reflect.NativeMethodAccessorImpl.invoke(Unknown Source)
at sun.reflect.DelegatingMethodAccessorImpl.invoke(Unknown Source)
at java.lang.reflect.Method.invoke(Unknown Source)
at org.testng.internal.MethodInvocationHelper.invokeMethod(MethodInvocationHelper.java:124)
at org.testng.internal.MethodInvocationHelper.invokeMethod(MethodInvocationHelper.java:74)
at org.testng.internal.MethodInvocationHelper.invokeMethodNoCheckedException(MethodInvocationHelper.java:45)
... 22 more
]]>
            </full-stacktrace>
          </exception> <!-- java.lang.RuntimeException -->
          <reporter-output>
          </reporter-output>
        </test-method> <!-- feature -->
        <test-method status="PASS" signature="tearDownClass()[pri:0, instance:com.cucumber.framework.runner.Infotech_HR.failedscenario@314c508a]" name="tearDownClass" is-config="true" duration-ms="11" started-at="2020-05-18T08:32:08Z" finished-at="2020-05-18T08:32:08Z">
          <reporter-output>
          </reporter-output>
        </test-method> <!-- tearDownClass -->
      </class> <!-- com.cucumber.framework.runner.Infotech_HR.failedscenario -->
    </test> <!-- Login_failed -->
  </suite> <!-- Suite111 -->
</testng-results>
